C:\Users\86176\Desktop\重要工程图\动力外壳.DWG,模型,2024/5/6 10:16:44,86176,AutoCAD PDF (General Documentation).pc3,ISO A3 (420.00 x 297.00 毫米),1:1.12928,
C:\Users\86176\Desktop\重要工程图\堵头.DWG,模型,2024/5/6 10:18:07,86176,AutoCAD PDF (General Documentation).pc3,ISO A3 (420.00 x 297.00 毫米),1:1.12928,
C:\Users\86176\Desktop\重要工程图\钩子.DWG,模型,2024/5/6 10:19:41,86176,AutoCAD PDF (General Documentation).pc3,ISO A3 (420.00 x 297.00 毫米),1:1.12928,
C:\Users\86176\Desktop\重要工程图\固定台.DWG,模型,2024/5/6 10:22:03,86176,AutoCAD PDF (General Documentation).pc3,ISO A3 (420.00 x 297.00 毫米),1:1.12928,
C:\Users\86176\Desktop\重要工程图\固定台高.DWG,模型,2024/5/6 10:23:59,86176,AutoCAD PDF (General Documentation).pc3,ISO A3 (420.00 x 297.00 毫米),1:1.12928,
C:\Users\86176\Desktop\重要工程图\固定台右.DWG,模型,2024/5/6 10:26:09,86176,AutoCAD PDF (General Documentation).pc3,ISO A3 (420.00 x 297.00 毫米),1:1.12928,
C:\Users\86176\Desktop\重要工程图\管子  圆柱齿轮17×2.5.DWG,模型,2024/5/6 10:51:50,86176,AutoCAD PDF (General Documentation).pc3,ISO A3 (420.00 x 297.00 毫米),1:1.12928,
C:\Users\86176\Desktop\重要工程图\基板.DWG,模型,2024/5/6 10:53:43,86176,AutoCAD PDF (General Documentation).pc3,ISO A3 (420.00 x 297.00 毫米),1:1.12928,
C:\Users\86176\Desktop\重要工程图\控制板外壳.DWG,模型,2024/5/6 10:54:59,86176,AutoCAD PDF (General Documentation).pc3,ISO A3 (420.00 x 297.00 毫米),1:1.12928,
C:\Users\86176\Desktop\重要工程图\轮轴.DWG,模型,2024/5/6 11:02:13,86176,AutoCAD PDF (General Documentation).pc3,ISO A3 (420.00 x 297.00 毫米),1:1.12928,
C:\Users\86176\Desktop\重要工程图\履带传动轴.DWG,模型,2024/5/6 11:05:23,86176,AutoCAD PDF (General Documentation).pc3,ISO A4 (297.00 x 210.00 毫米),1:1.6875,
C:\Users\86176\Desktop\重要工程图\履带电机外壳.DWG,模型,2024/5/6 11:07:45,86176,AutoCAD PDF (General Documentation).pc3,ISO A3 (420.00 x 297.00 毫米),1:1.12928,
C:\Users\86176\Desktop\重要工程图\履带电机右外壳.DWG,模型,2024/5/6 11:09:25,86176,AutoCAD PDF (General Documentation).pc3,ISO A3 (420.00 x 297.00 毫米),1:1.12928,
C:\Users\86176\Desktop\重要工程图\喷管接头.DWG,模型,2024/5/6 11:10:34,86176,AutoCAD PDF (General Documentation).pc3,ISO A3 (420.00 x 297.00 毫米),1:1.12928,
C:\Users\86176\Desktop\重要工程图\喷管连接头.DWG,模型,2024/5/6 11:12:16,86176,AutoCAD PDF (General Documentation).pc3,ISO A3 (420.00 x 297.00 毫米),1:1.12928,
C:\Users\86176\Desktop\重要工程图\喷管长.DWG,模型,2024/5/6 11:13:49,86176,AutoCAD PDF (General Documentation).pc3,ISO A3 (420.00 x 297.00 毫米),1:1.12928,
C:\Users\86176\Desktop\重要工程图\上电机座壳.DWG,模型,2024/5/6 11:15:18,86176,AutoCAD PDF (General Documentation).pc3,ISO A3 (420.00 x 297.00 毫米),1:1.12928,
C:\Users\86176\Desktop\重要工程图\上基板.DWG,模型,2024/5/6 11:16:28,86176,AutoCAD PDF (General Documentation).pc3,ISO A3 (420.00 x 297.00 毫米),1:1.12928,
C:\Users\86176\Desktop\重要工程图\上壳.DWG,模型,2024/5/6 11:17:36,86176,AutoCAD PDF (General Documentation).pc3,ISO A3 (420.00 x 297.00 毫米),1:1.12928,
C:\Users\86176\Desktop\重要工程图\水泵支架上6.DWG,模型,2024/5/6 11:19:05,86176,AutoCAD PDF (General Documentation).pc3,ISO A3 (420.00 x 297.00 毫米),1:1.12928,
C:\Users\86176\Desktop\重要工程图\水泵支架下.DWG,模型,2024/5/6 11:33:03,86176,AutoCAD PDF (General Documentation).pc3,ISO A3 (420.00 x 297.00 毫米),1:1.12928,
C:\Users\86176\Desktop\重要工程图\太阳能板.DWG,模型,2024/5/6 11:35:04,86176,AutoCAD PDF (General Documentation).pc3,ISO A3 (420.00 x 297.00 毫米),1:1.12928,
C:\Users\86176\Desktop\重要工程图\套筒.DWG,模型,2024/5/6 11:36:09,86176,AutoCAD PDF (General Documentation).pc3,ANSI full bleed A (8.50 x 11.00 英寸),1:38.1818,
C:\Users\86176\Desktop\重要工程图\圆柱齿轮60×2.5.DWG,模型,2024/5/6 11:37:35,86176,AutoCAD PDF (General Documentation).pc3,ISO A3 (420.00 x 297.00 毫米),1:1.12928,
C:\Users\86176\Desktop\重要工程图\圆柱齿轮轴.DWG,模型,2024/5/6 11:38:49,86176,AutoCAD PDF (General Documentation).pc3,ISO A3 (420.00 x 297.00 毫米),1:1.12928,
C:\Users\86176\Desktop\重要工程图\轴承座.DWG,模型,2024/5/6 11:39:56,86176,AutoCAD PDF (General Documentation).pc3,ISO A3 (420.00 x 297.00 毫米),1:1.12928,
